[24-Sep-2020 10:30:54 UTC] PHP Catchable fatal error:  Object of class stdClass could not be converted to string in /home/mieone/Downloads/wordpress/app/public/wp-content/mu-plugins/local-by-flywheel-live-link-helper.php on line 154
[24-Sep-2020 10:30:54 UTC] PHP Stack trace:
[24-Sep-2020 10:30:54 UTC] PHP   1. {main}() /home/mieone/Downloads/wordpress/app/public/wp-admin/plugins.php:0
[24-Sep-2020 10:30:54 UTC] PHP   2. require_once() /home/mieone/Downloads/wordpress/app/public/wp-admin/plugins.php:10
[24-Sep-2020 10:30:54 UTC] PHP   3. do_action() /home/mieone/Downloads/wordpress/app/public/wp-admin/admin.php:374
[24-Sep-2020 10:30:54 UTC] PHP   4. WP_Hook->do_action() /home/mieone/Downloads/wordpress/app/public/wp-includes/plugin.php:478
[24-Sep-2020 10:30:54 UTC] PHP   5. WP_Hook->apply_filters() /home/mieone/Downloads/wordpress/app/public/wp-includes/class-wp-hook.php:311
[24-Sep-2020 10:30:54 UTC] PHP   6. wp_update_plugins() /home/mieone/Downloads/wordpress/app/public/wp-includes/class-wp-hook.php:287
[24-Sep-2020 10:30:54 UTC] PHP   7. set_site_transient() /home/mieone/Downloads/wordpress/app/public/wp-includes/update.php:347
[24-Sep-2020 10:30:54 UTC] PHP   8. update_site_option() /home/mieone/Downloads/wordpress/app/public/wp-includes/option.php:1962
[24-Sep-2020 10:30:54 UTC] PHP   9. update_network_option() /home/mieone/Downloads/wordpress/app/public/wp-includes/option.php:1294
[24-Sep-2020 10:30:54 UTC] PHP  10. update_option() /home/mieone/Downloads/wordpress/app/public/wp-includes/option.php:1724
[24-Sep-2020 10:30:54 UTC] PHP  11. apply_filters() /home/mieone/Downloads/wordpress/app/public/wp-includes/option.php:394
[24-Sep-2020 10:30:54 UTC] PHP  12. WP_Hook->apply_filters() /home/mieone/Downloads/wordpress/app/public/wp-includes/plugin.php:206
[24-Sep-2020 10:30:54 UTC] PHP  13. LocalWP_Live_Link_Helper->make_link_local() /home/mieone/Downloads/wordpress/app/public/wp-includes/class-wp-hook.php:289
[24-Sep-2020 10:30:54 UTC] PHP  14. LocalWP_Live_Link_Helper->replace_host() /home/mieone/Downloads/wordpress/app/public/wp-content/mu-plugins/local-by-flywheel-live-link-helper.php:186
[24-Sep-2020 10:30:54 UTC] PHP  15. str_replace() /home/mieone/Downloads/wordpress/app/public/wp-content/mu-plugins/local-by-flywheel-live-link-helper.php:154
[24-Sep-2020 10:31:12 UTC] PHP Catchable fatal error:  Object of class stdClass could not be converted to string in /home/mieone/Downloads/wordpress/app/public/wp-content/mu-plugins/local-by-flywheel-live-link-helper.php on line 154
[24-Sep-2020 10:31:12 UTC] PHP Stack trace:
[24-Sep-2020 10:31:12 UTC] PHP   1. {main}() /home/mieone/Downloads/wordpress/app/public/wp-admin/plugins.php:0
[24-Sep-2020 10:31:12 UTC] PHP   2. require_once() /home/mieone/Downloads/wordpress/app/public/wp-admin/plugins.php:10
[24-Sep-2020 10:31:12 UTC] PHP   3. do_action() /home/mieone/Downloads/wordpress/app/public/wp-admin/admin.php:374
[24-Sep-2020 10:31:12 UTC] PHP   4. WP_Hook->do_action() /home/mieone/Downloads/wordpress/app/public/wp-includes/plugin.php:478
[24-Sep-2020 10:31:12 UTC] PHP   5. WP_Hook->apply_filters() /home/mieone/Downloads/wordpress/app/public/wp-includes/class-wp-hook.php:311
[24-Sep-2020 10:31:12 UTC] PHP   6. wp_update_plugins() /home/mieone/Downloads/wordpress/app/public/wp-includes/class-wp-hook.php:287
[24-Sep-2020 10:31:12 UTC] PHP   7. set_site_transient() /home/mieone/Downloads/wordpress/app/public/wp-includes/update.php:347
[24-Sep-2020 10:31:12 UTC] PHP   8. update_site_option() /home/mieone/Downloads/wordpress/app/public/wp-includes/option.php:1962
[24-Sep-2020 10:31:12 UTC] PHP   9. update_network_option() /home/mieone/Downloads/wordpress/app/public/wp-includes/option.php:1294
[24-Sep-2020 10:31:12 UTC] PHP  10. update_option() /home/mieone/Downloads/wordpress/app/public/wp-includes/option.php:1724
[24-Sep-2020 10:31:12 UTC] PHP  11. apply_filters() /home/mieone/Downloads/wordpress/app/public/wp-includes/option.php:394
[24-Sep-2020 10:31:12 UTC] PHP  12. WP_Hook->apply_filters() /home/mieone/Downloads/wordpress/app/public/wp-includes/plugin.php:206
[24-Sep-2020 10:31:12 UTC] PHP  13. LocalWP_Live_Link_Helper->make_link_local() /home/mieone/Downloads/wordpress/app/public/wp-includes/class-wp-hook.php:289
[24-Sep-2020 10:31:12 UTC] PHP  14. LocalWP_Live_Link_Helper->replace_host() /home/mieone/Downloads/wordpress/app/public/wp-content/mu-plugins/local-by-flywheel-live-link-helper.php:186
[24-Sep-2020 10:31:12 UTC] PHP  15. str_replace() /home/mieone/Downloads/wordpress/app/public/wp-content/mu-plugins/local-by-flywheel-live-link-helper.php:154
[24-Sep-2020 11:05:28 UTC] PHP Warning:  mysqli_real_connect(): (HY000/2002): No such file or directory in /home/mieone/Downloads/wordpress/app/public/wp-includes/wp-db.php on line 1635
[24-Sep-2020 11:05:28 UTC] PHP Stack trace:
[24-Sep-2020 11:05:28 UTC] PHP   1. {main}() /opt/Local/resources/extraResources/bin/wp-cli/wp-cli.phar:0
[24-Sep-2020 11:05:28 UTC] PHP   2. include() /opt/Local/resources/extraResources/bin/wp-cli/wp-cli.phar:4
[24-Sep-2020 11:05:28 UTC] PHP   3. include() phar:///opt/Local/resources/extraResources/bin/wp-cli/wp-cli.phar/php/boot-phar.php:11
[24-Sep-2020 11:05:28 UTC] PHP   4. WP_CLI\bootstrap() phar:///opt/Local/resources/extraResources/bin/wp-cli/wp-cli.phar/vendor/wp-cli/wp-cli/php/wp-cli.php:27
[24-Sep-2020 11:05:28 UTC] PHP   5. WP_CLI\Bootstrap\LaunchRunner->process() phar:///opt/Local/resources/extraResources/bin/wp-cli/wp-cli.phar/vendor/wp-cli/wp-cli/php/bootstrap.php:74
[24-Sep-2020 11:05:28 UTC] PHP   6. WP_CLI\Runner->start() phar:///opt/Local/resources/extraResources/bin/wp-cli/wp-cli.phar/vendor/wp-cli/wp-cli/php/WP_CLI/Bootstrap/LaunchRunner.php:23
[24-Sep-2020 11:05:28 UTC] PHP   7. WP_CLI\Runner->load_wordpress() phar:///opt/Local/resources/extraResources/bin/wp-cli/wp-cli.phar/vendor/wp-cli/wp-cli/php/WP_CLI/Runner.php:1158
[24-Sep-2020 11:05:28 UTC] PHP   8. require() phar:///opt/Local/resources/extraResources/bin/wp-cli/wp-cli.phar/vendor/wp-cli/wp-cli/php/WP_CLI/Runner.php:1237
[24-Sep-2020 11:05:28 UTC] PHP   9. require_wp_db() /home/mieone/Downloads/wordpress/app/public/wp-settings.php:124
[24-Sep-2020 11:05:28 UTC] PHP  10. wpdb->__construct() /home/mieone/Downloads/wordpress/app/public/wp-includes/load.php:482
[24-Sep-2020 11:05:28 UTC] PHP  11. wpdb->db_connect() /home/mieone/Downloads/wordpress/app/public/wp-includes/wp-db.php:632
[24-Sep-2020 11:05:28 UTC] PHP  12. mysqli_real_connect() /home/mieone/Downloads/wordpress/app/public/wp-includes/wp-db.php:1635
[24-Sep-2020 11:05:28 UTC] PHP Warning:  mysqli_real_connect(): (HY000/2002): No such file or directory in /home/mieone/Downloads/wordpress/app/public/wp-includes/wp-db.php on line 1635
[24-Sep-2020 11:05:28 UTC] PHP Stack trace:
[24-Sep-2020 11:05:28 UTC] PHP   1. {main}() /opt/Local/resources/extraResources/bin/wp-cli/wp-cli.phar:0
[24-Sep-2020 11:05:28 UTC] PHP   2. include() /opt/Local/resources/extraResources/bin/wp-cli/wp-cli.phar:4
[24-Sep-2020 11:05:28 UTC] PHP   3. include() phar:///opt/Local/resources/extraResources/bin/wp-cli/wp-cli.phar/php/boot-phar.php:11
[24-Sep-2020 11:05:28 UTC] PHP   4. WP_CLI\bootstrap() phar:///opt/Local/resources/extraResources/bin/wp-cli/wp-cli.phar/vendor/wp-cli/wp-cli/php/wp-cli.php:27
[24-Sep-2020 11:05:28 UTC] PHP   5. WP_CLI\Bootstrap\LaunchRunner->process() phar:///opt/Local/resources/extraResources/bin/wp-cli/wp-cli.phar/vendor/wp-cli/wp-cli/php/bootstrap.php:74
[24-Sep-2020 11:05:28 UTC] PHP   6. WP_CLI\Runner->start() phar:///opt/Local/resources/extraResources/bin/wp-cli/wp-cli.phar/vendor/wp-cli/wp-cli/php/WP_CLI/Bootstrap/LaunchRunner.php:23
[24-Sep-2020 11:05:28 UTC] PHP   7. WP_CLI\Runner->load_wordpress() phar:///opt/Local/resources/extraResources/bin/wp-cli/wp-cli.phar/vendor/wp-cli/wp-cli/php/WP_CLI/Runner.php:1158
[24-Sep-2020 11:05:28 UTC] PHP   8. require() phar:///opt/Local/resources/extraResources/bin/wp-cli/wp-cli.phar/vendor/wp-cli/wp-cli/php/WP_CLI/Runner.php:1237
[24-Sep-2020 11:05:28 UTC] PHP   9. require_wp_db() /home/mieone/Downloads/wordpress/app/public/wp-settings.php:124
[24-Sep-2020 11:05:28 UTC] PHP  10. wpdb->__construct() /home/mieone/Downloads/wordpress/app/public/wp-includes/load.php:482
[24-Sep-2020 11:05:28 UTC] PHP  11. wpdb->db_connect() /home/mieone/Downloads/wordpress/app/public/wp-includes/wp-db.php:632
[24-Sep-2020 11:05:28 UTC] PHP  12. mysqli_real_connect() /home/mieone/Downloads/wordpress/app/public/wp-includes/wp-db.php:1635
[24-Sep-2020 11:05:29 UTC] PHP Warning:  mysqli_real_connect(): (HY000/2002): No such file or directory in /home/mieone/Downloads/wordpress/app/public/wp-includes/wp-db.php on line 1635
[24-Sep-2020 11:05:29 UTC] PHP Stack trace:
[24-Sep-2020 11:05:29 UTC] PHP   1. {main}() /opt/Local/resources/extraResources/bin/wp-cli/wp-cli.phar:0
[24-Sep-2020 11:05:29 UTC] PHP   2. include() /opt/Local/resources/extraResources/bin/wp-cli/wp-cli.phar:4
[24-Sep-2020 11:05:29 UTC] PHP   3. include() phar:///opt/Local/resources/extraResources/bin/wp-cli/wp-cli.phar/php/boot-phar.php:11
[24-Sep-2020 11:05:29 UTC] PHP   4. WP_CLI\bootstrap() phar:///opt/Local/resources/extraResources/bin/wp-cli/wp-cli.phar/vendor/wp-cli/wp-cli/php/wp-cli.php:27
[24-Sep-2020 11:05:29 UTC] PHP   5. WP_CLI\Bootstrap\LaunchRunner->process() phar:///opt/Local/resources/extraResources/bin/wp-cli/wp-cli.phar/vendor/wp-cli/wp-cli/php/bootstrap.php:74
[24-Sep-2020 11:05:29 UTC] PHP   6. WP_CLI\Runner->start() phar:///opt/Local/resources/extraResources/bin/wp-cli/wp-cli.phar/vendor/wp-cli/wp-cli/php/WP_CLI/Bootstrap/LaunchRunner.php:23
[24-Sep-2020 11:05:29 UTC] PHP   7. WP_CLI\Runner->load_wordpress() phar:///opt/Local/resources/extraResources/bin/wp-cli/wp-cli.phar/vendor/wp-cli/wp-cli/php/WP_CLI/Runner.php:1158
[24-Sep-2020 11:05:29 UTC] PHP   8. require() phar:///opt/Local/resources/extraResources/bin/wp-cli/wp-cli.phar/vendor/wp-cli/wp-cli/php/WP_CLI/Runner.php:1237
[24-Sep-2020 11:05:29 UTC] PHP   9. require_wp_db() /home/mieone/Downloads/wordpress/app/public/wp-settings.php:124
[24-Sep-2020 11:05:29 UTC] PHP  10. wpdb->__construct() /home/mieone/Downloads/wordpress/app/public/wp-includes/load.php:482
[24-Sep-2020 11:05:29 UTC] PHP  11. wpdb->db_connect() /home/mieone/Downloads/wordpress/app/public/wp-includes/wp-db.php:632
[24-Sep-2020 11:05:29 UTC] PHP  12. mysqli_real_connect() /home/mieone/Downloads/wordpress/app/public/wp-includes/wp-db.php:1635
